<?xml version="1.0" encoding="UTF-8"?>
<!-- Generated by org.testng.reporters.JUnitXMLReporter -->
<testsuite hostname="MYPC-PC" failures="1" tests="4" name="Default test" time="34.007" errors="0" timestamp="8 Mar 2018 18:53:16 GMT">
  <testcase classname="com.ActiveRisk.searchTestCase.searchTestCase" name="initializeLeverageSearch" time="11.744"/>
  <testcase classname="com.ActiveRisk.searchTestCase.searchTestCase" name="initializeCompatibilitySearch" time="7.332"/>
  <testcase classname="com.ActiveRisk.searchTestCase.searchTestCase" name="leverageSearchResult" time="0.046">
    <failure type="junit.framework.ComparisonFailure" message="expected:&amp;lt;Compatibility...&amp;gt; but was:&amp;lt;Leverage...&amp;gt;">
      <![CDATA[junit.framework.ComparisonFailure: expected:<Compatibility...> but was:<Leverage...>
	at junit.framework.Assert.assertEquals(Assert.java:81)
	at junit.framework.Assert.assertEquals(Assert.java:87)
	at com.ActiveRisk.searchTestCase.searchTestCase.leverageSearchResult(searchTestCase.java:87)
	at java.base/jdk.internal.reflect.NativeMethodAccessorImpl.invoke0(Native Method)
	at java.base/jdk.internal.reflect.NativeMethodAccessorImpl.invoke(NativeMethodAccessorImpl.java:62)
	at java.base/jdk.internal.reflect.DelegatingMethodAccessorImpl.invoke(DelegatingMethodAccessorImpl.java:43)
	at java.base/java.lang.reflect.Method.invoke(Method.java:564)
	at org.testng.internal.MethodInvocationHelper.invokeMethod(MethodInvocationHelper.java:80)
	at org.testng.internal.Invoker.invokeMethod(Invoker.java:714)
	at org.testng.internal.Invoker.invokeTestMethod(Invoker.java:901)
	at org.testng.internal.Invoker.invokeTestMethods(Invoker.java:1231)
	at org.testng.internal.TestMethodWorker.invokeTestMethods(TestMethodWorker.java:127)
	at org.testng.internal.TestMethodWorker.run(TestMethodWorker.java:111)
	at org.testng.TestRunner.privateRun(TestRunner.java:767)
	at org.testng.TestRunner.run(TestRunner.java:617)
	at org.testng.SuiteRunner.runTest(SuiteRunner.java:334)
	at org.testng.SuiteRunner.runSequentially(SuiteRunner.java:329)
	at org.testng.SuiteRunner.privateRun(SuiteRunner.java:291)
	at org.testng.SuiteRunner.run(SuiteRunner.java:240)
	at org.testng.SuiteRunnerWorker.runSuite(SuiteRunnerWorker.java:52)
	at org.testng.SuiteRunnerWorker.run(SuiteRunnerWorker.java:86)
	at org.testng.TestNG.runSuitesSequentially(TestNG.java:1198)
	at org.testng.TestNG.runSuitesLocally(TestNG.java:1123)
	at org.testng.TestNG.run(TestNG.java:1031)
	at org.testng.remote.AbstractRemoteTestNG.run(AbstractRemoteTestNG.java:114)
	at org.testng.remote.RemoteTestNG.initAndRun(RemoteTestNG.java:251)
	at org.testng.remote.RemoteTestNG.main(RemoteTestNG.java:77)
]]>
    </failure>
  </testcase> <!-- leverageSearchResult -->
  <testcase classname="com.ActiveRisk.searchTestCase.searchTestCase" name="CompatibilitySearchResult" time="0.131"/>
</testsuite> <!-- Default test -->
